<?xml version="1.0" encoding="UTF-8"?>
<testsuites>
	<testsuite name="test_demo.BaiduTest-20220629015640" tests="1" file="test_demo.py" time="16.439" timestamp="2022-06-29T01:56:56" failures="0" errors="1" skipped="0">
		<testcase classname="test_demo.BaiduTest" name="test_case_one" time="16.439" timestamp="2022-06-29T01:56:56" file="..\seldom-web-testing\test_dir\test_demo.py" line="8">
			<!--a simple test case -->
			<error type="NotFindElementError" message="Message: âŒ Find 0 element through: css selector=#susss
"><![CDATA[Traceback (most recent call last):
  File "D:\github\seldom-platform\seldom-web-testing\test_dir\test_demo.py", line 12, in test_case_one
    self.click(css="#susss")
  File "C:\Python38\lib\site-packages\seldom\webdriver.py", line 310, in click
    elem = web_elem.get_elements(index)
  File "C:\Python38\lib\site-packages\seldom\webdriver.py", line 98, in get_elements
    raise NotFindElementError(self.find_elem_warn)
seldom.logging.exceptions.NotFindElementError: Message: âŒ Find 0 element through: css selector=#susss

]]></error>
			<system-out><![CDATA[2022-06-29 01:56:40 | INFO | ðŸ“– https://www.baidu.com

2022-06-29 01:56:46 | INFO | âœ… Find 1 element: id=kw  -> input 'seldom'.
]]></system-out>
		</testcase>
	</testsuite>
</testsuites>
